<?xml version="1.0" encoding="UTF-8"?>
<!-- Generated by org.testng.reporters.JUnitXMLReporter -->
<testsuite ignored="3" hostname="DESKTOP-9GN9S89" failures="1" tests="1" name="Default test" time="14.278" errors="0" timestamp="2019-10-19T15:44:23 EDT">
  <testcase classname="Testng.myFirstTestNGSuits" name="testSum" time="0.0">
    <failure type="org.testng.TestNGException" message="
Parameter &amp;apos;pattern1&amp;apos; is required by @Test on method testSum but has not been marked @Optional or defined
in C:\Users\Aqeel\AppData\Local\Temp\testng-eclipse-892006397\testng-customsuite.xml">
      <![CDATA[org.testng.TestNGException: 
Parameter 'pattern1' is required by @Test on method testSum but has not been marked @Optional or defined
in C:\Users\Aqeel\AppData\Local\Temp\testng-eclipse-892006397\testng-customsuite.xml
at org.testng.internal.Parameters.createParams(Parameters.java:289)
at org.testng.internal.Parameters.createParametersForMethod(Parameters.java:377)
at org.testng.internal.Parameters.createParameters(Parameters.java:721)
at org.testng.internal.Parameters.handleParameters(Parameters.java:895)
at org.testng.internal.Parameters.handleParameters(Parameters.java:762)
at org.testng.internal.ParameterHandler.handleParameters(ParameterHandler.java:60)
at org.testng.internal.ParameterHandler.createParameters(ParameterHandler.java:39)
at org.testng.internal.TestInvoker$MethodInvocationAgent.invoke(TestInvoker.java:771)
at org.testng.internal.TestInvoker.invokeTestMethods(TestInvoker.java:145)
at org.testng.internal.TestMethodWorker.invokeTestMethods(TestMethodWorker.java:146)
at org.testng.internal.TestMethodWorker.run(TestMethodWorker.java:128)
at java.base/java.util.ArrayList.forEach(ArrayList.java:1540)
at org.testng.TestRunner.privateRun(TestRunner.java:770)
at org.testng.TestRunner.run(TestRunner.java:591)
at org.testng.SuiteRunner.runTest(SuiteRunner.java:402)
at org.testng.SuiteRunner.runSequentially(SuiteRunner.java:396)
at org.testng.SuiteRunner.privateRun(SuiteRunner.java:355)
at org.testng.SuiteRunner.run(SuiteRunner.java:304)
at org.testng.SuiteRunnerWorker.runSuite(SuiteRunnerWorker.java:53)
at org.testng.SuiteRunnerWorker.run(SuiteRunnerWorker.java:96)
at org.testng.TestNG.runSuitesSequentially(TestNG.java:1180)
at org.testng.TestNG.runSuitesLocally(TestNG.java:1102)
at org.testng.TestNG.runSuites(TestNG.java:1032)
at org.testng.TestNG.run(TestNG.java:1000)
at org.testng.remote.AbstractRemoteTestNG.run(AbstractRemoteTestNG.java:115)
at org.testng.remote.RemoteTestNG.initAndRun(RemoteTestNG.java:251)
at org.testng.remote.RemoteTestNG.main(RemoteTestNG.java:77)
]]>
    </failure>
  </testcase> <!-- testSum -->
  <testcase classname="Testng.myFirstTestNGSuits" name="testMethod" time="0.0">
    <ignored/>
  </testcase> <!-- testMethod -->
  <testcase classname="Testng.myFirstTestNGSuits" name="testEqual" time="0.0">
    <ignored/>
  </testcase> <!-- testEqual -->
  <testcase classname="Testng.myFirstTestNGSuits" name="testDivison" time="0.0">
    <ignored/>
  </testcase> <!-- testDivison -->
</testsuite> <!-- Default test -->
